#-----------------------------------------------------------
# Vivado v2022.2 (64-bit)
# SW Build 3671981 on Fri Oct 14 05:00:03 MDT 2022
# IP Build 3669848 on Fri Oct 14 08:30:02 MDT 2022
# Start of session at: Sat Jan  3 21:00:02 2026
# Process ID: 65188
# Current directory: D:/vivado_work/3230103327_lab30/vivado
# Command line: vivado.exe -gui_launcher_event rodinguilauncherevent59140 D:\vivado_work\3230103327_lab30\vivado\Risc5CPU.xpr
# Log file: D:/vivado_work/3230103327_lab30/vivado/vivado.log
# Journal file: D:/vivado_work/3230103327_lab30/vivado\vivado.jou
# Running On: Lenovo-sis, OS: Windows, CPU Frequency: 2688 MHz, CPU Physical cores: 14, Host memory: 16890 MB
#-----------------------------------------------------------start_gui
WARNING: [Board 49-26] cannot add Board Part xilinx.com:kc705:part0:1.6 available at D:/Vivado/2022.2/data/xhub/boards/XilinxBoardStore/boards/Xilinx/kc705/1.6/board.xml as part xc7k325tffg900-2 specified in board_part file is either invalid or not available
WARNING: [Board 49-26] cannot add Board Part xilinx.com:kcu105:part0:1.6 available at D:/Vivado/2022.2/data/xhub/boards/XilinxBoardStore/boards/Xilinx/kcu105/1.6/board.xml as part xcku040-ffva1156-2-e specified in board_part file is either invalid or not available
WARNING: [Board 49-26] cannot add Board Part xilinx.com:kcu105:part0:1.7 available at D:/Vivado/2022.2/data/xhub/boards/XilinxBoardStore/boards/Xilinx/kcu105/1.7/board.xml as part xcku040-ffva1156-2-e specified in board_part file is either invalid or not available
WARNING: [Board 49-26] cannot add Board Part xilinx.com:kcu116:part0:1.4 available at D:/Vivado/2022.2/data/xhub/boards/XilinxBoardStore/boards/Xilinx/kcu116/1.4/board.xml as part xcku5p-ffvb676-2-e specified in board_part file is either invalid or not available
WARNING: [Board 49-26] cannot add Board Part xilinx.com:kcu116:part0:1.5 available at D:/Vivado/2022.2/data/xhub/boards/XilinxBoardStore/boards/Xilinx/kcu116/1.5/board.xml as part xcku5p-ffvb676-2-e specified in board_part file is either invalid or not available
WARNING: [Board 49-26] cannot add Board Part xilinx.com:kcu1500:part0:1.2 available at D:/Vivado/2022.2/data/xhub/boards/XilinxBoardStore/boards/Xilinx/kcu1500/1.2/board.xml as part xcku115-flvb2104-2-e specified in board_part file is either invalid or not available
WARNING: [Board 49-26] cannot add Board Part xilinx.com:sp701:part0:1.0 available at D:/Vivado/2022.2/data/xhub/boards/XilinxBoardStore/boards/Xilinx/sp701/1.0/board.xml as part xc7s100fgga676-2 specified in board_part file is either invalid or not available
WARNING: [Board 49-26] cannot add Board Part xilinx.com:sp701:part0:1.1 available at D:/Vivado/2022.2/data/xhub/boards/XilinxBoardStore/boards/Xilinx/sp701/1.1/board.xml as part xc7s100fgga676-2 specified in board_part file is either invalid or not available
WARNING: [Board 49-26] cannot add Board Part xilinx.com:vc707:part0:1.4 available at D:/Vivado/2022.2/data/xhub/boards/XilinxBoardStore/boards/Xilinx/vc707/1.4/board.xml as part xc7vx485tffg1761-2 specified in board_part file is either invalid or not available
WARNING: [Board 49-26] cannot add Board Part xilinx.com:vc709:part0:1.8 available at D:/Vivado/2022.2/data/xhub/boards/XilinxBoardStore/boards/Xilinx/vc709/1.8/board.xml as part xc7vx690tffg1761-2 specified in board_part file is either invalid or not available
WARNING: [Board 49-26] cannot add Board Part xilinx.com:vck190:part0:2.2 available at D:/Vivado/2022.2/data/xhub/boards/XilinxBoardStore/boards/Xilinx/vck190/production/2.2/board.xml as part xcvc1902-vsva2197-2mp-e-s specified in board_part file is either invalid or not available
WARNING: [Board 49-26] cannot add Board Part xilinx.com:vck190:part0:3.0 available at D:/Vivado/2022.2/data/xhub/boards/XilinxBoardStore/boards/Xilinx/vck190/production/3.0/board.xml as part xcvc1902-vsva2197-2mp-e-s specified in board_part file is either invalid or not available
WARNING: [Board 49-26] cannot add Board Part xilinx.com:vck190:part0:3.1 available at D:/Vivado/2022.2/data/xhub/boards/XilinxBoardStore/boards/Xilinx/vck190/production/3.1/board.xml as part xcvc1902-vsva2197-2mp-e-s specified in board_part file is either invalid or not available
WARNING: [Board 49-26] cannot add Board Part xilinx.com:vck190_newl:part0:1.0 available at D:/Vivado/2022.2/data/xhub/boards/XilinxBoardStore/boards/Xilinx/vck190_newl/production/1.0/board.xml as part xcvc1902-vsva2197-2mp-e-s specified in board_part file is either invalid or not available
WARNING: [Board 49-26] cannot add Board Part xilinx.com:vcu108:part0:1.6 available at D:/Vivado/2022.2/data/xhub/boards/XilinxBoardStore/boards/Xilinx/vcu108/1.6/board.xml as part xcvu095-ffva2104-2-e specified in board_part file is either invalid or not available
WARNING: [Board 49-26] cannot add Board Part xilinx.com:vcu108:part0:1.7 available at D:/Vivado/2022.2/data/xhub/boards/XilinxBoardStore/boards/Xilinx/vcu108/1.7/board.xml as part xcvu095-ffva2104-2-e specified in board_part file is either invalid or not available
WARNING: [Board 49-26] cannot add Board Part xilinx.com:vcu110:part0:1.4 available at D:/Vivado/2022.2/data/xhub/boards/XilinxBoardStore/boards/Xilinx/vcu110/1.4/board.xml as part xcvu190-flgc2104-2-e specified in board_part file is either invalid or not available
WARNING: [Board 49-26] cannot add Board Part xilinx.com:vcu118:part0:2.0 available at D:/Vivado/2022.2/data/xhub/boards/XilinxBoardStore/boards/Xilinx/vcu118/2.0/board.xml as part xcvu9p-flga2104-2l-e specified in board_part file is either invalid or not available
WARNING: [Board 49-26] cannot add Board Part xilinx.com:vcu118:part0:2.3 available at D:/Vivado/2022.2/data/xhub/boards/XilinxBoardStore/boards/Xilinx/vcu118/2.3/board.xml as part xcvu9p-flga2104-2l-e specified in board_part file is either invalid or not available
WARNING: [Board 49-26] cannot add Board Part xilinx.com:vcu118:part0:2.4 available at D:/Vivado/2022.2/data/xhub/boards/XilinxBoardStore/boards/Xilinx/vcu118/2.4/board.xml as part xcvu9p-flga2104-2l-e specified in board_part file is either invalid or not available
WARNING: [Board 49-26] cannot add Board Part xilinx.com:vcu128:part0:1.0 available at D:/Vivado/2022.2/data/xhub/boards/XilinxBoardStore/boards/Xilinx/vcu128/production/1.0/board.xml as part xcvu37p-fsvh2892-2l-e specified in board_part file is either invalid or not available
WARNING: [Board 49-26] cannot add Board Part xilinx.com:vcu129:part0:1.0 available at D:/Vivado/2022.2/data/xhub/boards/XilinxBoardStore/boards/Xilinx/vcu129/production/1.0/board.xml as part xcvu29p-fsga2577-2l-e specified in board_part file is either invalid or not available
WARNING: [Board 49-26] cannot add Board Part xilinx.com:vcu1525:part0:1.3 available at D:/Vivado/2022.2/data/xhub/boards/XilinxBoardStore/boards/Xilinx/vcu1525/1.3/board.xml as part xcvu9p-fsgd2104-2l-e specified in board_part file is either invalid or not available
WARNING: [Board 49-26] cannot add Board Part xilinx.com:vek280_es:part0:1.0 available at D:/Vivado/2022.2/data/xhub/boards/XilinxBoardStore/boards/Xilinx/vek280/es/1.0/board.xml as part xcve2802-vsvh1760-2lp-e-s-es1 specified in board_part file is either invalid or not available
WARNING: [Board 49-26] cannot add Board Part xilinx.com:vhk158_es:part0:1.0 available at D:/Vivado/2022.2/data/xhub/boards/XilinxBoardStore/boards/Xilinx/vhk158/es/1.0/board.xml as part xcvh1582-vsva3697-2mp-e-s-es1 specified in board_part file is either invalid or not available
WARNING: [Board 49-26] cannot add Board Part xilinx.com:vmk180:part0:2.2 available at D:/Vivado/2022.2/data/xhub/boards/XilinxBoardStore/boards/Xilinx/vmk180/production/2.2/board.xml as part xcvm1802-vsva2197-2mp-e-s specified in board_part file is either invalid or not available
WARNING: [Board 49-26] cannot add Board Part xilinx.com:vmk180:part0:3.0 available at D:/Vivado/2022.2/data/xhub/boards/XilinxBoardStore/boards/Xilinx/vmk180/production/3.0/board.xml as part xcvm1802-vsva2197-2mp-e-s specified in board_part file is either invalid or not available
WARNING: [Board 49-26] cannot add Board Part xilinx.com:vmk180:part0:3.1 available at D:/Vivado/2022.2/data/xhub/boards/XilinxBoardStore/boards/Xilinx/vmk180/production/3.1/board.xml as part xcvm1802-vsva2197-2mp-e-s specified in board_part file is either invalid or not available
WARNING: [Board 49-26] cannot add Board Part xilinx.com:vmk180_newl:part0:1.0 available at D:/Vivado/2022.2/data/xhub/boards/XilinxBoardStore/boards/Xilinx/vmk180_newl/production/1.0/board.xml as part xcvm1802-vsva2197-2mp-e-s specified in board_part file is either invalid or not available
WARNING: [Board 49-26] cannot add Board Part xilinx.com:vpk120:part0:1.0 available at D:/Vivado/2022.2/data/xhub/boards/XilinxBoardStore/boards/Xilinx/vpk120/production/1.0/board.xml as part xcvp1202-vsva2785-2mp-e-s specified in board_part file is either invalid or not available
WARNING: [Board 49-26] cannot add Board Part xilinx.com:vpk120_es:part0:1.2 available at D:/Vivado/2022.2/data/xhub/boards/XilinxBoardStore/boards/Xilinx/vpk120/es/1.2/board.xml as part xcvp1202-vsva2785-2mp-e-s-es1 specified in board_part file is either invalid or not available
WARNING: [Board 49-26] cannot add Board Part xilinx.com:vpk120_es_revb:part0:1.0 available at D:/Vivado/2022.2/data/xhub/boards/XilinxBoardStore/boards/Xilinx/vpk120_revb/es/1.0/board.xml as part xcvp1202-vsva2785-2mp-e-s-es1 specified in board_part file is either invalid or not available
WARNING: [Board 49-26] cannot add Board Part xilinx.com:vpk180_es:part0:1.0 available at D:/Vivado/2022.2/data/xhub/boards/XilinxBoardStore/boards/Xilinx/vpk180/es/1.0/board.xml as part xcvp1802-lsvc4072-2mp-e-s-es1 specified in board_part file is either invalid or not available
WARNING: [Board 49-26] cannot add Board Part xilinx.com:zcu208ld:part0:2.0 available at D:/Vivado/2022.2/data/xhub/boards/XilinxBoardStore/boards/Xilinx/zcu208ld/production/2.0/board.xml as part xczu58dr-fsvg1517-2-i specified in board_part file is either invalid or not available
WARNING: [Board 49-26] cannot add Board Part xilinx.com:zcu216ld:part0:2.0 available at D:/Vivado/2022.2/data/xhub/boards/XilinxBoardStore/boards/Xilinx/zcu216ld/production/2.0/board.xml as part xczu59dr-ffvf1760-2-i specified in board_part file is either invalid or not available
WARNING: [Board 49-26] cannot add Board Part xilinx.com:zcu670:part0:2.0 available at D:/Vivado/2022.2/data/xhub/boards/XilinxBoardStore/boards/Xilinx/zcu670/2.0/board.xml as part xczu67dr-fsve1156-2-i specified in board_part file is either invalid or not available
WARNING: [Board 49-26] cannot add Board Part xilinx.com:zcu670ld:part0:1.0 available at D:/Vivado/2022.2/data/xhub/boards/XilinxBoardStore/boards/Xilinx/zcu670ld/1.0/board.xml as part xczu57dr-fsve1156-2-i specified in board_part file is either invalid or not available
open_project D:/vivado_work/3230103327_lab30/vivado/Risc5CPU.xpr
Scanning sources...
Finished scanning sources
INFO: [IP_Flow 19-234] Refreshing IP repositories
INFO: [IP_Flow 19-1704] No user IP repositories specified
INFO: [IP_Flow 19-2313] Loaded Vivado IP repository 'D:/Vivado/2022.2/data/ip'.
WARNING: [IP_Flow 19-2162] IP 'DCM_PLL' is locked:
* IP definition 'Clocking Wizard (5.4)' for IP 'DCM_PLL' (customized with software release 2017.4) has a newer major version in the IP Catalog. * The IP Data in the repository is incompatible with the current instance (despite having identical Version and Revision). You will need to upgrade the IP before viewing the customization and generating outputs.
WARNING: [IP_Flow 19-2162] IP 'DisplayROM' is locked:
* IP definition 'Distributed Memory Generator (8.0)' for IP 'DisplayROM' (customized with software release 2017.4) has a different revision in the IP Catalog.
open_project: Time (s): cpu = 00:00:16 ; elapsed = 00:01:00 . Memory (MB): peak = 1040.930 ; gain = 122.137
update_compile_order -fileset sources_1
exit
INFO: [Common 17-206] Exiting Vivado at Sat Jan  3 21:12:07 2026...
-3664] IP 'DCM_PLL' generated file not found 'd:/vivado_work/3230103327_lab30/vivado/Risc5CPU.gen/sources_1/ip/DCM_PLL/DCM_PLL_sim_netlist.vhdl'. Please regenerate to continue.
WARNING: [IP_Flow 19-2162] IP 'DCM_PLL' is locked:
* IP definition 'Clocking Wizard (5.4)' for IP 'DCM_PLL' (customized with software release 2017.4) has a newer major version in the IP Catalog. * The IP Data in the repository is incompatible with the current instance (despite having identical Version and Revision). You will need to upgrade the IP before viewing the customization and generating outputs.
WARNING: [IP_Flow 19-3664] IP 'DisplayROM' generated file not found 'd:/vivado_work/3230103327_lab30/vivado/Risc5CPU.gen/sources_1/ip/DisplayROM/DisplayROM.dcp'. Please regenerate to continue.
WARNING: [IP_Flow 19-3664] IP 'DisplayROM' generated file not found 'd:/vivado_work/3230103327_lab30/vivado/Risc5CPU.gen/sources_1/ip/DisplayROM/DisplayROM_stub.v'. Please regenerate to continue.
WARNING: [IP_Flow 19-3664] IP 'DisplayROM' generated file not found 'd:/vivado_work/3230103327_lab30/vivado/Risc5CPU.gen/sources_1/ip/DisplayROM/DisplayROM_stub.vhdl'. Please regenerate to continue.
WARNING: [IP_Flow 19-3664] IP 'DisplayROM' generated file not found 'd:/vivado_work/3230103327_lab30/vivado/Risc5CPU.gen/sources_1/ip/DisplayROM/DisplayROM_sim_netlist.v'. Please regenerate to continue.
WARNING: [IP_Flow 19-3664] IP 'DisplayROM' generated file not found 'd:/vivado_work/3230103327_lab30/vivado/Risc5CPU.gen/sources_1/ip/DisplayROM/DisplayROM_sim_netlist.vhdl'. Please regenerate to continue.
WARNING: [IP_Flow 19-2162] IP 'DisplayROM' is locked:
* IP definition 'Distributed Memory Generator (8.0)' for IP 'DisplayROM' (customized with software release 2017.4) has a different revision in the IP Catalog.
INFO: [Common 17-344] 'open_project' was cancelled
exit
INFO: [Common 17-206] Exiting Vivado at Sat Jan  3 21:04:15 2026...
" into library xil_defaultlib
INFO: [VRFC 10-311] analyzing module DataRAM
INFO: [VRFC 10-2263] Analyzing Verilog file "D:/vivado_work/3230103327_lab30/vivado/Risc5CPU.sim/sim_1/behav/xsim/glbl.v" into library xil_defaultlib
INFO: [VRFC 10-311] analyzing module glbl
run_program: Time (s): cpu = 00:00:02 ; elapsed = 00:00:24 . Memory (MB): peak = 1237.250 ; gain = 0.000
INFO: [USF-XSim-69] 'compile' step finished in '24' seconds
INFO: [USF-XSim-3] XSim::Elaborate design
INFO: [USF-XSim-61] Executing 'ELABORATE' step in 'D:/vivado_work/3230103327_lab30/vivado/Risc5CPU.sim/sim_1/behav/xsim'
"xelab --incr --debug typical --relax --mt 2 -L xil_defaultlib -L dist_mem_gen_v8_0_13 -L unisims_ver -L unimacro_ver -L secureip -L xpm --snapshot Risc5CPU_tb_v_behav xil_defaultlib.Risc5CPU_tb_v xil_defaultlib.glbl -log elaborate.log"
Vivado Simulator v2022.2
Copyright 1986-1999, 2001-2022 Xilinx, Inc. All Rights Reserved.
Running: D:/Vivado/2022.2/bin/unwrapped/win64.o/xelab.exe --incr --debug typical --relax --mt 2 -L xil_defaultlib -L dist_mem_gen_v8_0_13 -L unisims_ver -L unimacro_ver -L secureip -L xpm --snapshot Risc5CPU_tb_v_behav xil_defaultlib.Risc5CPU_tb_v xil_defaultlib.glbl -log elaborate.log 
Using 2 slave threads.
Starting static elaboration
Pass Through NonSizing Optimizer
WARNING: [VRFC 10-3091] actual bit length 32 differs from formal bit length 1 for port 'ci' [D:/vivado_work/3230103327_lab30/src/IF.v:37]
WARNING: [VRFC 10-3091] actual bit length 32 differs from formal bit length 1 for port 'ci' [D:/vivado_work/3230103327_lab30/src/BranchTest.v:42]
WARNING: [VRFC 10-3091] actual bit length 32 differs from formal bit length 1 for port 'ci' [D:/vivado_work/3230103327_lab30/src/ID.v:89]
WARNING: [VRFC 10-3091] actual bit length 32 differs from formal bit length 1 for port 'ci' [D:/vivado_work/3230103327_lab30/src/ALU.v:40]
WARNING: [VRFC 10-3091] actual bit length 32 differs from formal bit length 1 for port 'ci' [D:/vivado_work/3230103327_lab30/src/ALU.v:41]
Completed static elaboration
Starting simulation data flow analysis
Completed simulation data flow analysis
Time Resolution for simulation is 1ps
Compiling module xil_defaultlib.Add_4bit
Compiling module xil_defaultlib.Add_middle
Compiling module xil_defaultlib.Add_32bit
Compiling module xil_defaultlib.InstructionROM
Compiling module xil_defaultlib.IF
Compiling module xil_defaultlib.IFID
Compiling module xil_defaultlib.Decode
Compiling module xil_defaultlib.RBWRegisters
Compiling module xil_defaultlib.registers
Compiling module xil_defaultlib.BranchTest
Compiling module xil_defaultlib.ID
Compiling module xil_defaultlib.IDEX
Compiling module xil_defaultlib.mux
Compiling module xil_defaultlib.ALU
Compiling module xil_defaultlib.EX
Compiling module xil_defaultlib.EXMEM
Compiling module dist_mem_gen_v8_0_13.dist_mem_gen_v8_0_13(C_FAMILY="a...
Compiling module xil_defaultlib.DataRAM
Compiling module xil_defaultlib.MEMWB
Compiling module xil_defaultlib.Risc5CPU
Compiling module xil_defaultlib.glbl
Compiling module xil_defaultlib.Risc5CPU_tb_v
Built simulation snapshot Risc5CPU_tb_v_behav
run_program: Time (s): cpu = 00:00:02 ; elapsed = 00:00:33 . Memory (MB): peak = 1237.250 ; gain = 0.000
INFO: [USF-XSim-69] 'elaborate' step finished in '33' seconds
INFO: [USF-XSim-4] XSim::Simulate design
INFO: [USF-XSim-61] Executing 'SIMULATE' step in 'D:/vivado_work/3230103327_lab30/vivado/Risc5CPU.sim/sim_1/behav/xsim'
INFO: [USF-XSim-98] *** Running xsim
   with args "Risc5CPU_tb_v_behav -key {Behavioral:sim_1:Functional:Risc5CPU_tb_v} -tclbatch {Risc5CPU_tb_v.tcl} -log {simulate.log}"
INFO: [USF-XSim-8] Loading simulator feature
Time resolution is 1 ps
source Risc5CPU_tb_v.tcl
# set curr_wave [current_wave_config]
# if { [string length $curr_wave] == 0 } {
#   if { [llength [get_objects]] > 0} {
#     add_wave /
#     set_property needs_save false [current_wave_config]
#   } else {
#      send_msg_id Add_Wave-1 WARNING "No top level signals found. Simulator will start without a wave window. If you want to open a wave window go to 'File->New Waveform Configuration' or type 'create_wave_config' in the TCL console."
#   }
# }
# run 3000ns
WARNING: This core is supplied with a behavioral model. To model cycle-accurate behavior you must run timing simulation.
WARNING in Risc5CPU_tb_v.uut.DataRAM_1.inst at time               250000 ns: 
Reading from out-of-range address. Max address in Risc5CPU_tb_v.uut.DataRAM_1.inst is          63
WARNING in Risc5CPU_tb_v.uut.DataRAM_1.inst at time               550000 ns: 
Reading from out-of-range address. Max address in Risc5CPU_tb_v.uut.DataRAM_1.inst is          63
WARNING in Risc5CPU_tb_v.uut.DataRAM_1.inst at time              1150000 ns: 
Reading from out-of-range address. Max address in Risc5CPU_tb_v.uut.DataRAM_1.inst is          63
WARNING in Risc5CPU_tb_v.uut.DataRAM_1.inst at time              2050000 ns: 
Reading from out-of-range address. Max address in Risc5CPU_tb_v.uut.DataRAM_1.inst is          63
WARNING in Risc5CPU_tb_v.uut.DataRAM_1.inst at time              2250000 ns: 
Reading from out-of-range address. Max address in Risc5CPU_tb_v.uut.DataRAM_1.inst is          63
$stop called at time : 2251 ns : File "D:/vivado_work/3230103327_lab30/src/Risc5CPU_tb.v" Line 39
INFO: [USF-XSim-96] XSim completed. Design snapshot 'Risc5CPU_tb_v_behav' loaded.
INFO: [USF-XSim-97] XSim simulation ran for 3000ns
launch_simulation: Time (s): cpu = 00:00:10 ; elapsed = 00:01:02 . Memory (MB): peak = 1267.668 ; gain = 36.805
reset_run synth_1
INFO: [Project 1-1160] Copying file D:/vivado_work/3230103327_lab30/vivado/Risc5CPU.runs/synth_1/PipelineCPUTest.dcp to D:/vivado_work/3230103327_lab30/vivado/Risc5CPU.srcs/utils_1/imports/synth_1 and adding it to utils fileset
WARNING: [Vivado 12-1017] Problems encountered:
1. Failed to delete one or more files in run directory D:/vivado_work/3230103327_lab30/vivado/Risc5CPU.runs/synth_1

reset_run DCM_PLL_synth_1
WARNING: [Vivado 12-1017] Problems encountered:
1. Failed to delete one or more files in run directory D:/vivado_work/3230103327_lab30/vivado/Risc5CPU.runs/DCM_PLL_synth_1

reset_run DisplayROM_synth_1
WARNING: [Vivado 12-1017] Problems encountered:
1. Failed to delete one or more files in run directory D:/vivado_work/3230103327_lab30/vivado/Risc5CPU.runs/DisplayROM_synth_1

launch_runs impl_1 -to_step write_bitstream -jobs 10
WARNING: [Project 1-577] IP run DCM_PLL_synth_1 is available but is out of date. Since the IP is locked, the synthesis checkpoint cannot be updated. The out-of-date checkpoint will be used and it may result in incorrect behavior.
Please select 'Report IP Status' from the 'Tools/Report' menu or run the Tcl command 'report_ip_status' for more information.
WARNING: [Project 1-577] IP run DisplayROM_synth_1 is available but is out of date. Since the IP is locked, the synthesis checkpoint cannot be updated. The out-of-date checkpoint will be used and it may result in incorrect behavior.
Please select 'Report IP Status' from the 'Tools/Report' menu or run the Tcl command 'report_ip_status' for more information.
WARNING: [Runs 36-337] The following IPs are either missing output products or output products are not up-to-date for Synthesis target. Since these IPs are locked, no update to the output products can be done. 
Please select 'Report IP Status' from the 'Tools/Report' menu or run Tcl command 'report_ip_status' for more information.
D:/vivado_work/3230103327_lab30/vivado/Risc5CPU.srcs/sources_1/ip/DCM_PLL/DCM_PLL.xci

WARNING: [Runs 36-337] The following IPs are either missing output products or output products are not up-to-date for Implementation target. Since these IPs are locked, no update to the output products can be done. 
Please select 'Report IP Status' from the 'Tools/Report' menu or run Tcl command 'report_ip_status' for more information.
D:/vivado_work/3230103327_lab30/vivado/Risc5CPU.srcs/sources_1/ip/DCM_PLL/DCM_PLL.xci

WARNING: [Runs 36-337] The following IPs are either missing output products or output products are not up-to-date for Synthesis target. Since these IPs are locked, no update to the output products can be done. 
Please select 'Report IP Status' from the 'Tools/Report' menu or run Tcl command 'report_ip_status' for more information.
D:/vivado_work/3230103327_lab30/vivado/Risc5CPU.srcs/sources_1/ip/DisplayROM/DisplayROM.xci

WARNING: [Project 1-576] IP 'D:/vivado_work/3230103327_lab30/vivado/Risc5CPU.srcs/sources_1/ip/DCM_PLL/DCM_PLL.xci' in run DCM_PLL_synth_1 is locked, no out-of-context (OOC) run will be launched. The run may not be able to complete.
Please select 'Report IP Status' from 'Tools/Report' or run the Tcl command 'report_ip_status' for more information.
WARNING: [Project 1-576] IP 'D:/vivado_work/3230103327_lab30/vivado/Risc5CPU.srcs/sources_1/ip/DisplayROM/DisplayROM.xci' in run DisplayROM_synth_1 is locked, no out-of-context (OOC) run will be launched. The run may not be able to complete.
Please select 'Report IP Status' from 'Tools/Report' or run the Tcl command 'report_ip_status' for more information.
[Sat Jan  3 21:02:39 2026] Launched DCM_PLL_synth_1, DisplayROM_synth_1, synth_1...
Run output will be captured here:
DCM_PLL_synth_1: D:/vivado_work/3230103327_lab30/vivado/Risc5CPU.runs/DCM_PLL_synth_1/runme.log
DisplayROM_synth_1: D:/vivado_work/3230103327_lab30/vivado/Risc5CPU.runs/DisplayROM_synth_1/runme.log
synth_1: D:/vivado_work/3230103327_lab30/vivado/Risc5CPU.runs/synth_1/runme.log
[Sat Jan  3 21:02:39 2026] Launched impl_1...
Run output will be captured here: D:/vivado_work/3230103327_lab30/vivado/Risc5CPU.runs/impl_1/runme.log
close_sim
INFO: [Simtcl 6-16] Simulation closed
exit
INFO: [Common 17-206] Exiting Vivado at Sat Jan  3 21:13:21 2026...
