#-----------------------------------------------------------
# Vivado v2022.2 (64-bit)
# SW Build 3671981 on Fri Oct 14 05:00:03 MDT 2022
# IP Build 3669848 on Fri Oct 14 08:30:02 MDT 2022
# Start of session at: Tue Dec 30 18:41:22 2025
# Process ID: 30012
# Current directory: D:/vivado_work/3230103327_lab30/vivado2017.4
# Command line: vivado.exe -gui_launcher_event rodinguilauncherevent34704 D:\vivado_work\3230103327_lab30\vivado2017.4\Risc5CPU.xpr
# Log file: D:/vivado_work/3230103327_lab30/vivado2017.4/vivado.log
# Journal file: D:/vivado_work/3230103327_lab30/vivado2017.4\vivado.jou
# Running On: Lenovo-sis, OS: Windows, CPU Frequency: 2688 MHz, CPU Physical cores: 14, Host memory: 16890 MB
#-----------------------------------------------------------
start_gui
WARNING: [Board 49-26] cannot add Board Part xilinx.com:kc705:part0:1.6 available at D:/Vivado/2022.2/data/xhub/boards/XilinxBoardStore/boards/Xilinx/kc705/1.6/board.xml as part xc7k325tffg900-2 specified in board_part file is either invalid or not available
WARNING: [Board 49-26] cannot add Board Part xilinx.com:kcu105:part0:1.6 available at D:/Vivado/2022.2/data/xhub/boards/XilinxBoardStore/boards/Xilinx/kcu105/1.6/board.xml as part xcku040-ffva1156-2-e specified in board_part file is either invalid or not available
WARNING: [Board 49-26] cannot add Board Part xilinx.com:kcu105:part0:1.7 available at D:/Vivado/2022.2/data/xhub/boards/XilinxBoardStore/boards/Xilinx/kcu105/1.7/board.xml as part xcku040-ffva1156-2-e specified in board_part file is either invalid or not available
WARNING: [Board 49-26] cannot add Board Part xilinx.com:kcu116:part0:1.4 available at D:/Vivado/2022.2/data/xhub/boards/XilinxBoardStore/boards/Xilinx/kcu116/1.4/board.xml as part xcku5p-ffvb676-2-e specified in board_part file is either invalid or not available
WARNING: [Board 49-26] cannot add Board Part xilinx.com:kcu116:part0:1.5 available at D:/Vivado/2022.2/data/xhub/boards/XilinxBoardStore/boards/Xilinx/kcu116/1.5/board.xml as part xcku5p-ffvb676-2-e specified in board_part file is either invalid or not available
WARNING: [Board 49-26] cannot add Board Part xilinx.com:kcu1500:part0:1.2 available at D:/Vivado/2022.2/data/xhub/boards/XilinxBoardStore/boards/Xilinx/kcu1500/1.2/board.xml as part xcku115-flvb2104-2-e specified in board_part file is either invalid or not available
WARNING: [Board 49-26] cannot add Board Part xilinx.com:sp701:part0:1.0 available at D:/Vivado/2022.2/data/xhub/boards/XilinxBoardStore/boards/Xilinx/sp701/1.0/board.xml as part xc7s100fgga676-2 specified in board_part file is either invalid or not available
WARNING: [Board 49-26] cannot add Board Part xilinx.com:sp701:part0:1.1 available at D:/Vivado/2022.2/data/xhub/boards/XilinxBoardStore/boards/Xilinx/sp701/1.1/board.xml as part xc7s100fgga676-2 specified in board_part file is either invalid or not available
WARNING: [Board 49-26] cannot add Board Part xilinx.com:vc707:part0:1.4 available at D:/Vivado/2022.2/data/xhub/boards/XilinxBoardStore/boards/Xilinx/vc707/1.4/board.xml as part xc7vx485tffg1761-2 specified in board_part file is either invalid or not available
WARNING: [Board 49-26] cannot add Board Part xilinx.com:vc709:part0:1.8 available at D:/Vivado/2022.2/data/xhub/boards/XilinxBoardStore/boards/Xilinx/vc709/1.8/board.xml as part xc7vx690tffg1761-2 specified in board_part file is either invalid or not available
WARNING: [Board 49-26] cannot add Board Part xilinx.com:vck190:part0:2.2 available at D:/Vivado/2022.2/data/xhub/boards/XilinxBoardStore/boards/Xilinx/vck190/production/2.2/board.xml as part xcvc1902-vsva2197-2mp-e-s specified in board_part file is either invalid or not available
WARNING: [Board 49-26] cannot add Board Part xilinx.com:vck190:part0:3.0 available at D:/Vivado/2022.2/data/xhub/boards/XilinxBoardStore/boards/Xilinx/vck190/production/3.0/board.xml as part xcvc1902-vsva2197-2mp-e-s specified in board_part file is either invalid or not available
WARNING: [Board 49-26] cannot add Board Part xilinx.com:vck190:part0:3.1 available at D:/Vivado/2022.2/data/xhub/boards/XilinxBoardStore/boards/Xilinx/vck190/production/3.1/board.xml as part xcvc1902-vsva2197-2mp-e-s specified in board_part file is either invalid or not available
WARNING: [Board 49-26] cannot add Board Part xilinx.com:vck190_newl:part0:1.0 available at D:/Vivado/2022.2/data/xhub/boards/XilinxBoardStore/boards/Xilinx/vck190_newl/production/1.0/board.xml as part xcvc1902-vsva2197-2mp-e-s specified in board_part file is either invalid or not available
WARNING: [Board 49-26] cannot add Board Part xilinx.com:vcu108:part0:1.6 available at D:/Vivado/2022.2/data/xhub/boards/XilinxBoardStore/boards/Xilinx/vcu108/1.6/board.xml as part xcvu095-ffva2104-2-e specified in board_part file is either invalid or not available
WARNING: [Board 49-26] cannot add Board Part xilinx.com:vcu108:part0:1.7 available at D:/Vivado/2022.2/data/xhub/boards/XilinxBoardStore/boards/Xilinx/vcu108/1.7/board.xml as part xcvu095-ffva2104-2-e specified in board_part file is either invalid or not available
WARNING: [Board 49-26] cannot add Board Part xilinx.com:vcu110:part0:1.4 available at D:/Vivado/2022.2/data/xhub/boards/XilinxBoardStore/boards/Xilinx/vcu110/1.4/board.xml as part xcvu190-flgc2104-2-e specified in board_part file is either invalid or not available
WARNING: [Board 49-26] cannot add Board Part xilinx.com:vcu118:part0:2.0 available at D:/Vivado/2022.2/data/xhub/boards/XilinxBoardStore/boards/Xilinx/vcu118/2.0/board.xml as part xcvu9p-flga2104-2l-e specified in board_part file is either invalid or not available
WARNING: [Board 49-26] cannot add Board Part xilinx.com:vcu118:part0:2.3 available at D:/Vivado/2022.2/data/xhub/boards/XilinxBoardStore/boards/Xilinx/vcu118/2.3/board.xml as part xcvu9p-flga2104-2l-e specified in board_part file is either invalid or not available
WARNING: [Board 49-26] cannot add Board Part xilinx.com:vcu118:part0:2.4 available at D:/Vivado/2022.2/data/xhub/boards/XilinxBoardStore/boards/Xilinx/vcu118/2.4/board.xml as part xcvu9p-flga2104-2l-e specified in board_part file is either invalid or not available
WARNING: [Board 49-26] cannot add Board Part xilinx.com:vcu128:part0:1.0 available at D:/Vivado/2022.2/data/xhub/boards/XilinxBoardStore/boards/Xilinx/vcu128/production/1.0/board.xml as part xcvu37p-fsvh2892-2l-e specified in board_part file is either invalid or not available
WARNING: [Board 49-26] cannot add Board Part xilinx.com:vcu129:part0:1.0 available at D:/Vivado/2022.2/data/xhub/boards/XilinxBoardStore/boards/Xilinx/vcu129/production/1.0/board.xml as part xcvu29p-fsga2577-2l-e specified in board_part file is either invalid or not available
WARNING: [Board 49-26] cannot add Board Part xilinx.com:vcu1525:part0:1.3 available at D:/Vivado/2022.2/data/xhub/boards/XilinxBoardStore/boards/Xilinx/vcu1525/1.3/board.xml as part xcvu9p-fsgd2104-2l-e specified in board_part file is either invalid or not available
WARNING: [Board 49-26] cannot add Board Part xilinx.com:vek280_es:part0:1.0 available at D:/Vivado/2022.2/data/xhub/boards/XilinxBoardStore/boards/Xilinx/vek280/es/1.0/board.xml as part xcve2802-vsvh1760-2lp-e-s-es1 specified in board_part file is either invalid or not available
WARNING: [Board 49-26] cannot add Board Part xilinx.com:vhk158_es:part0:1.0 available at D:/Vivado/2022.2/data/xhub/boards/XilinxBoardStore/boards/Xilinx/vhk158/es/1.0/board.xml as part xcvh1582-vsva3697-2mp-e-s-es1 specified in board_part file is either invalid or not available
WARNING: [Board 49-26] cannot add Board Part xilinx.com:vmk180:part0:2.2 available at D:/Vivado/2022.2/data/xhub/boards/XilinxBoardStore/boards/Xilinx/vmk180/production/2.2/board.xml as part xcvm1802-vsva2197-2mp-e-s specified in board_part file is either invalid or not available
WARNING: [Board 49-26] cannot add Board Part xilinx.com:vmk180:part0:3.0 available at D:/Vivado/2022.2/data/xhub/boards/XilinxBoardStore/boards/Xilinx/vmk180/production/3.0/board.xml as part xcvm1802-vsva2197-2mp-e-s specified in board_part file is either invalid or not available
WARNING: [Board 49-26] cannot add Board Part xilinx.com:vmk180:part0:3.1 available at D:/Vivado/2022.2/data/xhub/boards/XilinxBoardStore/boards/Xilinx/vmk180/production/3.1/board.xml as part xcvm1802-vsva2197-2mp-e-s specified in board_part file is either invalid or not available
WARNING: [Board 49-26] cannot add Board Part xilinx.com:vmk180_newl:part0:1.0 available at D:/Vivado/2022.2/data/xhub/boards/XilinxBoardStore/boards/Xilinx/vmk180_newl/production/1.0/board.xml as part xcvm1802-vsva2197-2mp-e-s specified in board_part file is either invalid or not available
WARNING: [Board 49-26] cannot add Board Part xilinx.com:vpk120:part0:1.0 available at D:/Vivado/2022.2/data/xhub/boards/XilinxBoardStore/boards/Xilinx/vpk120/production/1.0/board.xml as part xcvp1202-vsva2785-2mp-e-s specified in board_part file is either invalid or not available
WARNING: [Board 49-26] cannot add Board Part xilinx.com:vpk120_es:part0:1.2 available at D:/Vivado/2022.2/data/xhub/boards/XilinxBoardStore/boards/Xilinx/vpk120/es/1.2/board.xml as part xcvp1202-vsva2785-2mp-e-s-es1 specified in board_part file is either invalid or not available
WARNING: [Board 49-26] cannot add Board Part xilinx.com:vpk120_es_revb:part0:1.0 available at D:/Vivado/2022.2/data/xhub/boards/XilinxBoardStore/boards/Xilinx/vpk120_revb/es/1.0/board.xml as part xcvp1202-vsva2785-2mp-e-s-es1 specified in board_part file is either invalid or not available
WARNING: [Board 49-26] cannot add Board Part xilinx.com:vpk180_es:part0:1.0 available at D:/Vivado/2022.2/data/xhub/boards/XilinxBoardStore/boards/Xilinx/vpk180/es/1.0/board.xml as part xcvp1802-lsvc4072-2mp-e-s-es1 specified in board_part file is either invalid or not available
WARNING: [Board 49-26] cannot add Board Part xilinx.com:zcu208ld:part0:2.0 available at D:/Vivado/2022.2/data/xhub/boards/XilinxBoardStore/boards/Xilinx/zcu208ld/production/2.0/board.xml as part xczu58dr-fsvg1517-2-i specified in board_part file is either invalid or not available
WARNING: [Board 49-26] cannot add Board Part xilinx.com:zcu216ld:part0:2.0 available at D:/Vivado/2022.2/data/xhub/boards/XilinxBoardStore/boards/Xilinx/zcu216ld/production/2.0/board.xml as part xczu59dr-ffvf1760-2-i specified in board_part file is either invalid or not available
WARNING: [Board 49-26] cannot add Board Part xilinx.com:zcu670:part0:2.0 available at D:/Vivado/2022.2/data/xhub/boards/XilinxBoardStore/boards/Xilinx/zcu670/2.0/board.xml as part xczu67dr-fsve1156-2-i specified in board_part file is either invalid or not available
WARNING: [Board 49-26] cannot add Board Part xilinx.com:zcu670ld:part0:1.0 available at D:/Vivado/2022.2/data/xhub/boards/XilinxBoardStore/boards/Xilinx/zcu670ld/1.0/board.xml as part xczu57dr-fsve1156-2-i specified in board_part file is either invalid or not available
open_project D:/vivado_work/3230103327_lab30/vivado2017.4/Risc5CPU.xpr
INFO: [Project 1-313] Project file moved from 'F:/SourceProgram/lab30_Risc5CPU/vivado201704' since last save.
Scanning sources...
Finished scanning sources
INFO: [IP_Flow 19-234] Refreshing IP repositories
INFO: [IP_Flow 19-1704] No user IP repositories specified
INFO: [IP_Flow 19-2313] Loaded Vivado IP repository 'D:/Vivado/2022.2/data/ip'.
WARNING: [IP_Flow 19-2162] IP 'DCM_PLL' is locked:
* IP definition 'Clocking Wizard (5.4)' for IP 'DCM_PLL' (customized with software release 2017.4) has a newer major version in the IP Catalog. * The IP Data in the repository is incompatible with the current instance (despite having identical Version and Revision). You will need to upgrade the IP before viewing the customization and generating outputs.
WARNING: [IP_Flow 19-2162] IP 'DisplayROM' is locked:
* IP definition 'Distributed Memory Generator (8.0)' for IP 'DisplayROM' (customized with software release 2017.4) has a different revision in the IP Catalog.
INFO: [Project 1-230] Project 'Risc5CPU.xpr' upgraded for this version of Vivado.
upgrade_project -migrate_output_products
WARNING: [IP_Flow 19-2162] IP 'DCM_PLL' is locked:
* IP definition 'Clocking Wizard (5.4)' for IP 'DCM_PLL' (customized with software release 2017.4) has a newer major version in the IP Catalog. * The IP Data in the repository is incompatible with the current instance (despite having identical Version and Revision). You will need to upgrade the IP before viewing the customization and generating outputs.
INFO: [Coretcl 2-1816] Migrated 'DCM_PLL.xci'
  Source files are located in 'd:/vivado_work/3230103327_lab30/vivado2017.4/Risc5CPU.srcs/sources_1/ip/DCM_PLL'
  Output files are located in 'd:/vivado_work/3230103327_lab30/vivado2017.4/Risc5CPU.gen/sources_1/ip/DCM_PLL'.
WARNING: [IP_Flow 19-2162] IP 'DisplayROM' is locked:
* IP definition 'Distributed Memory Generator (8.0)' for IP 'DisplayROM' (customized with software release 2017.4) has a different revision in the IP Catalog.
INFO: [Coretcl 2-1816] Migrated 'DisplayROM.xci'
  Source files are located in 'd:/vivado_work/3230103327_lab30/vivado2017.4/Risc5CPU.srcs/sources_1/ip/DisplayROM'
  Output files are located in 'd:/vivado_work/3230103327_lab30/vivado2017.4/Risc5CPU.gen/sources_1/ip/DisplayROM'.
update_compile_order -fileset sources_1
add_files -norecurse {D:/vivado_work/3230103327_lab30/src/IDEX.v D:/vivado_work/3230103327_lab30/src/RBWRegisters.v D:/vivado_work/3230103327_lab30/src/ALU.v D:/vivado_work/3230103327_lab30/src/Decode.v D:/vivado_work/3230103327_lab30/src/IF.v D:/vivado_work/3230103327_lab30/src/ID.v D:/vivado_work/3230103327_lab30/src/registers.v D:/vivado_work/3230103327_lab30/src/IFID.v D:/vivado_work/3230103327_lab30/src/MEMWB.v D:/vivado_work/3230103327_lab30/src/BranchTest.v D:/vivado_work/3230103327_lab30/src/Add_4bit.v D:/vivado_work/3230103327_lab30/src/PipelineCPUTest.v D:/vivado_work/3230103327_lab30/src/InstructionROM.v D:/vivado_work/3230103327_lab30/src/mux.v D:/vivado_work/3230103327_lab30/src/EXMEM.v D:/vivado_work/3230103327_lab30/src/Add_32bit.v D:/vivado_work/3230103327_lab30/src/Risc5CPU.v D:/vivado_work/3230103327_lab30/src/EX.v}
update_compile_order -fileset sources_1
set_property SOURCE_SET sources_1 [get_filesets sim_1]
add_files -fileset sim_1 -norecurse {D:/vivado_work/3230103327_lab30/src/IF_tb.v D:/vivado_work/3230103327_lab30/src/Decode_tb.v D:/vivado_work/3230103327_lab30/src/Risc5CPU_tb.v D:/vivado_work/3230103327_lab30/src/ALU_tb.v}
update_compile_order -fileset sim_1
create_ip -name dist_mem_gen -vendor xilinx.com -library ip -version 8.0 -module_name DataRAM
set_property -dict [list \
  CONFIG.Component_Name {DataRAM} \
  CONFIG.data_width {32} \
] [get_ips DataRAM]
WARNING: [Vivado 12-3523] Attempt to change 'Component_Name' from 'DataRAM' to 'DataRAM' is not allowed and is ignored.
generate_target {instantiation_template} [get_files d:/vivado_work/3230103327_lab30/vivado2017.4/Risc5CPU.srcs/sources_1/ip/DataRAM/DataRAM.xci]
INFO: [IP_Flow 19-1686] Generating 'Instantiation Template' target for IP 'DataRAM'...
update_compile_order -fileset sources_1
generate_target all [get_files  d:/vivado_work/3230103327_lab30/vivado2017.4/Risc5CPU.srcs/sources_1/ip/DataRAM/DataRAM.xci]
INFO: [IP_Flow 19-1686] Generating 'Synthesis' target for IP 'DataRAM'...
INFO: [IP_Flow 19-1686] Generating 'Simulation' target for IP 'DataRAM'...
INFO: [IP_Flow 19-1686] Generating 'Change Log' target for IP 'DataRAM'...
catch { config_ip_cache -export [get_ips -all DataRAM] }
INFO: [IP_Flow 19-6924] IPCACHE: Running cache check for IP inst: DataRAM
export_ip_user_files -of_objects [get_files d:/vivado_work/3230103327_lab30/vivado2017.4/Risc5CPU.srcs/sources_1/ip/DataRAM/DataRAM.xci] -no_script -sync -force -quiet
create_ip_run [get_files -of_objects [get_fileset sources_1] d:/vivado_work/3230103327_lab30/vivado2017.4/Risc5CPU.srcs/sources_1/ip/DataRAM/DataRAM.xci]
launch_runs DataRAM_synth_1 -jobs 16
INFO: [IP_Flow 19-6924] IPCACHE: Running cache check for IP inst: DataRAM
[Tue Dec 30 18:47:23 2025] Launched DataRAM_synth_1...
Run output will be captured here: D:/vivado_work/3230103327_lab30/vivado2017.4/Risc5CPU.runs/DataRAM_synth_1/runme.log
export_simulation -of_objects [get_files d:/vivado_work/3230103327_lab30/vivado2017.4/Risc5CPU.srcs/sources_1/ip/DataRAM/DataRAM.xci] -directory D:/vivado_work/3230103327_lab30/vivado2017.4/Risc5CPU.ip_user_files/sim_scripts -ip_user_files_dir D:/vivado_work/3230103327_lab30/vivado2017.4/Risc5CPU.ip_user_files -ipstatic_source_dir D:/vivado_work/3230103327_lab30/vivado2017.4/Risc5CPU.ip_user_files/ipstatic -lib_map_path [list {modelsim=D:/vivado_work/3230103327_lab30/vivado2017.4/Risc5CPU.cache/compile_simlib/modelsim} {questa=D:/vivado_work/3230103327_lab30/vivado2017.4/Risc5CPU.cache/compile_simlib/questa} {riviera=D:/vivado_work/3230103327_lab30/vivado2017.4/Risc5CPU.cache/compile_simlib/riviera} {activehdl=D:/vivado_work/3230103327_lab30/vivado2017.4/Risc5CPU.cache/compile_simlib/activehdl}] -use_ip_compiled_libs -force -quiet
reset_run DCM_PLL_synth_1
WARNING: [Vivado 12-1017] Problems encountered:
1. Failed to delete one or more files in run directory D:/vivado_work/3230103327_lab30/vivado2017.4/Risc5CPU.runs/DCM_PLL_synth_1

reset_run DisplayROM_synth_1
WARNING: [Vivado 12-1017] Problems encountered:
1. Failed to delete one or more files in run directory D:/vivado_work/3230103327_lab30/vivado2017.4/Risc5CPU.runs/DisplayROM_synth_1

launch_runs synth_1 -jobs 16
WARNING: [Vivado 12-7122] Auto Incremental Compile:: No reference checkpoint was found in run synth_1. Auto-incremental flow will not be run, the standard flow will be run instead.
WARNING: [Project 1-577] IP run DCM_PLL_synth_1 is available but is out of date. Since the IP is locked, the synthesis checkpoint cannot be updated. The out-of-date checkpoint will be used and it may result in incorrect behavior.
Please select 'Report IP Status' from the 'Tools/Report' menu or run the Tcl command 'report_ip_status' for more information.
WARNING: [Project 1-577] IP run DisplayROM_synth_1 is available but is out of date. Since the IP is locked, the synthesis checkpoint cannot be updated. The out-of-date checkpoint will be used and it may result in incorrect behavior.
Please select 'Report IP Status' from the 'Tools/Report' menu or run the Tcl command 'report_ip_status' for more information.
WARNING: [Runs 36-337] The following IPs are either missing output products or output products are not up-to-date for Synthesis target. Since these IPs are locked, no update to the output products can be done. 
Please select 'Report IP Status' from the 'Tools/Report' menu or run Tcl command 'report_ip_status' for more information.
d:/vivado_work/3230103327_lab30/vivado2017.4/Risc5CPU.srcs/sources_1/ip/DCM_PLL/DCM_PLL.xci

WARNING: [Runs 36-337] The following IPs are either missing output products or output products are not up-to-date for Implementation target. Since these IPs are locked, no update to the output products can be done. 
Please select 'Report IP Status' from the 'Tools/Report' menu or run Tcl command 'report_ip_status' for more information.
d:/vivado_work/3230103327_lab30/vivado2017.4/Risc5CPU.srcs/sources_1/ip/DCM_PLL/DCM_PLL.xci

WARNING: [Runs 36-337] The following IPs are either missing output products or output products are not up-to-date for Synthesis target. Since these IPs are locked, no update to the output products can be done. 
Please select 'Report IP Status' from the 'Tools/Report' menu or run Tcl command 'report_ip_status' for more information.
d:/vivado_work/3230103327_lab30/vivado2017.4/Risc5CPU.srcs/sources_1/ip/DisplayROM/DisplayROM.xci

WARNING: [Project 1-576] IP 'd:/vivado_work/3230103327_lab30/vivado2017.4/Risc5CPU.srcs/sources_1/ip/DCM_PLL/DCM_PLL.xci' in run DCM_PLL_synth_1 is locked, no out-of-context (OOC) run will be launched. The run may not be able to complete.
Please select 'Report IP Status' from 'Tools/Report' or run the Tcl command 'report_ip_status' for more information.
WARNING: [Project 1-576] IP 'd:/vivado_work/3230103327_lab30/vivado2017.4/Risc5CPU.srcs/sources_1/ip/DisplayROM/DisplayROM.xci' in run DisplayROM_synth_1 is locked, no out-of-context (OOC) run will be launched. The run may not be able to complete.
Please select 'Report IP Status' from 'Tools/Report' or run the Tcl command 'report_ip_status' for more information.
[Tue Dec 30 18:47:46 2025] Launched DCM_PLL_synth_1, DisplayROM_synth_1, DataRAM_synth_1...
Run output will be captured here:
DCM_PLL_synth_1: D:/vivado_work/3230103327_lab30/vivado2017.4/Risc5CPU.runs/DCM_PLL_synth_1/runme.log
DisplayROM_synth_1: D:/vivado_work/3230103327_lab30/vivado2017.4/Risc5CPU.runs/DisplayROM_synth_1/runme.log
DataRAM_synth_1: D:/vivado_work/3230103327_lab30/vivado2017.4/Risc5CPU.runs/DataRAM_synth_1/runme.log
[Tue Dec 30 18:47:46 2025] Launched synth_1...
Run output will be captured here: D:/vivado_work/3230103327_lab30/vivado2017.4/Risc5CPU.runs/synth_1/runme.log
launch_runs impl_1 -jobs 16
[Tue Dec 30 19:29:28 2025] Launched impl_1...
Run output will be captured here: D:/vivado_work/3230103327_lab30/vivado2017.4/Risc5CPU.runs/impl_1/runme.log
launch_runs impl_1 -to_step write_bitstream -jobs 16
[Tue Dec 30 19:44:51 2025] Launched impl_1...
Run output will be captured here: D:/vivado_work/3230103327_lab30/vivado2017.4/Risc5CPU.runs/impl_1/runme.log
set_property top Risc5CPU_tb_v [get_filesets sim_1]
set_property top_lib xil_defaultlib [get_filesets sim_1]
update_compile_order -fileset sim_1
launch_simulation
Command: launch_simulation 
INFO: [Vivado 12-12493] Simulation top is 'Risc5CPU_tb_v'
WARNING: [Vivado 12-13340] Unable to auto find GCC executables from simulator install path! (path not set)
WARNING: [Vivado 12-13277] Compiled library path does not exist: ''
INFO: [Vivado 12-5698] Checking validity of IPs in the design for the 'XSim' simulator...
INFO: [Vivado 12-5682] Launching behavioral simulation in 'D:/vivado_work/3230103327_lab30/vivado2017.4/Risc5CPU.sim/sim_1/behav/xsim'
INFO: [Vivado 12-4795] Using compiled simulation libraries for IPs
INFO: [SIM-utils-51] Simulation object is 'sim_1'
INFO: [SIM-utils-72] Using boost library from 'D:/Vivado/2022.2/tps/boost_1_72_0'
INFO: [USF-XSim-7] Finding pre-compiled libraries...
INFO: [USF-XSim-11] File 'D:/Vivado/2022.2/data/xsim/xsim.ini' copied to run dir:'D:/vivado_work/3230103327_lab30/vivado2017.4/Risc5CPU.sim/sim_1/behav/xsim'
INFO: [SIM-utils-20] The project contains locked or custom IPs. The pre-compiled version of these IPs will not be referenced and the sources from these IP libraries will be compiled locally.
INFO: [SIM-utils-54] Inspecting design source files for 'Risc5CPU_tb_v' in fileset 'sim_1'...
INFO: [SIM-utils-43] Exported 'D:/vivado_work/3230103327_lab30/vivado2017.4/Risc5CPU.sim/sim_1/behav/xsim/DisplayROM.mif'
INFO: [SIM-utils-43] Exported 'D:/vivado_work/3230103327_lab30/vivado2017.4/Risc5CPU.sim/sim_1/behav/xsim/digital.coe'
INFO: [USF-XSim-97] Finding global include files...
INFO: [USF-XSim-98] Fetching design files from 'sim_1'...
INFO: [USF-XSim-2] XSim::Compile design
INFO: [USF-XSim-61] Executing 'COMPILE and ANALYZE' step in 'D:/vivado_work/3230103327_lab30/vivado2017.4/Risc5CPU.sim/sim_1/behav/xsim'
"xvlog --incr --relax -prj Risc5CPU_tb_v_vlog.prj"
INFO: [VRFC 10-2263] Analyzing Verilog file "D:/vivado_work/3230103327_lab30/vivado2017.4/Risc5CPU.gen/sources_1/ip/DataRAM/sim/DataRAM.v" into library xil_defaultlib
INFO: [VRFC 10-311] analyzing module DataRAM
INFO: [VRFC 10-2263] Analyzing Verilog file "D:/vivado_work/3230103327_lab30/src/ALU.v" into library xil_defaultlib
INFO: [VRFC 10-311] analyzing module ALU
INFO: [VRFC 10-2263] Analyzing Verilog file "D:/vivado_work/3230103327_lab30/src/Add_32bit.v" into library xil_defaultlib
INFO: [VRFC 10-311] analyzing module Add_middle
INFO: [VRFC 10-311] analyzing module Add_32bit
INFO: [VRFC 10-2263] Analyzing Verilog file "D:/vivado_work/3230103327_lab30/src/Add_4bit.v" into library xil_defaultlib
INFO: [VRFC 10-311] analyzing module Add_4bit
INFO: [VRFC 10-2263] Analyzing Verilog file "D:/vivado_work/3230103327_lab30/src/BranchTest.v" into library xil_defaultlib
INFO: [VRFC 10-311] analyzing module BranchTest
INFO: [VRFC 10-2263] Analyzing Verilog file "D:/vivado_work/3230103327_lab30/src/Decode.v" into library xil_defaultlib
INFO: [VRFC 10-311] analyzing module Decode
INFO: [VRFC 10-2263] Analyzing Verilog file "D:/vivado_work/3230103327_lab30/src/EX.v" into library xil_defaultlib
INFO: [VRFC 10-311] analyzing module EX
INFO: [VRFC 10-2263] Analyzing Verilog file "D:/vivado_work/3230103327_lab30/src/EXMEM.v" into library xil_defaultlib
INFO: [VRFC 10-311] analyzing module EXMEM
INFO: [VRFC 10-2263] Analyzing Verilog file "D:/vivado_work/3230103327_lab30/src/ID.v" into library xil_defaultlib
INFO: [VRFC 10-311] analyzing module ID
INFO: [VRFC 10-2263] Analyzing Verilog file "D:/vivado_work/3230103327_lab30/src/IDEX.v" into library xil_defaultlib
INFO: [VRFC 10-311] analyzing module IDEX
INFO: [VRFC 10-2263] Analyzing Verilog file "D:/vivado_work/3230103327_lab30/src/IF.v" into library xil_defaultlib
INFO: [VRFC 10-311] analyzing module IF
INFO: [VRFC 10-2263] Analyzing Verilog file "D:/vivado_work/3230103327_lab30/src/IFID.v" into library xil_defaultlib
INFO: [VRFC 10-311] analyzing module IFID
INFO: [VRFC 10-2263] Analyzing Verilog file "D:/vivado_work/3230103327_lab30/src/InstructionROM.v" into library xil_defaultlib
INFO: [VRFC 10-311] analyzing module InstructionROM
INFO: [VRFC 10-2263] Analyzing Verilog file "D:/vivado_work/3230103327_lab30/src/MEMWB.v" into library xil_defaultlib
INFO: [VRFC 10-311] analyzing module MEMWB
INFO: [VRFC 10-2263] Analyzing Verilog file "D:/vivado_work/3230103327_lab30/src/RBWRegisters.v" into library xil_defaultlib
INFO: [VRFC 10-311] analyzing module RBWRegisters
INFO: [VRFC 10-2263] Analyzing Verilog file "D:/vivado_work/3230103327_lab30/src/Risc5CPU.v" into library xil_defaultlib
INFO: [VRFC 10-311] analyzing module Risc5CPU
INFO: [VRFC 10-2263] Analyzing Verilog file "D:/vivado_work/3230103327_lab30/src/mux.v" into library xil_defaultlib
INFO: [VRFC 10-311] analyzing module mux
INFO: [VRFC 10-2263] Analyzing Verilog file "D:/vivado_work/3230103327_lab30/src/registers.v" into library xil_defaultlib
INFO: [VRFC 10-311] analyzing module registers
INFO: [VRFC 10-2263] Analyzing Verilog file "D:/vivado_work/3230103327_lab30/src/Risc5CPU_tb.v" into library xil_defaultlib
INFO: [VRFC 10-311] analyzing module Risc5CPU_tb_v
INFO: [VRFC 10-2263] Analyzing Verilog file "D:/vivado_work/3230103327_lab30/vivado2017.4/Risc5CPU.sim/sim_1/behav/xsim/glbl.v" into library xil_defaultlib
INFO: [VRFC 10-311] analyzing module glbl
INFO: [USF-XSim-69] 'compile' step finished in '1' seconds
INFO: [USF-XSim-3] XSim::Elaborate design
INFO: [USF-XSim-61] Executing 'ELABORATE' step in 'D:/vivado_work/3230103327_lab30/vivado2017.4/Risc5CPU.sim/sim_1/behav/xsim'
"xelab --incr --debug typical --relax --mt 2 -L xil_defaultlib -L dist_mem_gen_v8_0_13 -L unisims_ver -L unimacro_ver -L secureip -L xpm --snapshot Risc5CPU_tb_v_behav xil_defaultlib.Risc5CPU_tb_v xil_defaultlib.glbl -log elaborate.log"
Vivado Simulator v2022.2
Copyright 1986-1999, 2001-2022 Xilinx, Inc. All Rights Reserved.
Running: D:/Vivado/2022.2/bin/unwrapped/win64.o/xelab.exe --incr --debug typical --relax --mt 2 -L xil_defaultlib -L dist_mem_gen_v8_0_13 -L unisims_ver -L unimacro_ver -L secureip -L xpm --snapshot Risc5CPU_tb_v_behav xil_defaultlib.Risc5CPU_tb_v xil_defaultlib.glbl -log elaborate.log 
Using 2 slave threads.
Starting static elaboration
Pass Through NonSizing Optimizer
WARNING: [VRFC 10-3091] actual bit length 32 differs from formal bit length 1 for port 'ci' [D:/vivado_work/3230103327_lab30/src/IF.v:37]
WARNING: [VRFC 10-3091] actual bit length 32 differs from formal bit length 1 for port 'ci' [D:/vivado_work/3230103327_lab30/src/BranchTest.v:42]
WARNING: [VRFC 10-3091] actual bit length 32 differs from formal bit length 1 for port 'ci' [D:/vivado_work/3230103327_lab30/src/ID.v:89]
WARNING: [VRFC 10-3091] actual bit length 32 differs from formal bit length 1 for port 'ci' [D:/vivado_work/3230103327_lab30/src/ALU.v:39]
WARNING: [VRFC 10-3091] actual bit length 32 differs from formal bit length 1 for port 'ci' [D:/vivado_work/3230103327_lab30/src/ALU.v:40]
Completed static elaboration
Starting simulation data flow analysis
Completed simulation data flow analysis
Time Resolution for simulation is 1ps
Compiling module xil_defaultlib.Add_4bit
Compiling module xil_defaultlib.Add_middle
Compiling module xil_defaultlib.Add_32bit
Compiling module xil_defaultlib.InstructionROM
Compiling module xil_defaultlib.IF
Compiling module xil_defaultlib.IFID
Compiling module xil_defaultlib.Decode
Compiling module xil_defaultlib.RBWRegisters
Compiling module xil_defaultlib.registers
Compiling module xil_defaultlib.BranchTest
Compiling module xil_defaultlib.ID
Compiling module xil_defaultlib.IDEX
Compiling module xil_defaultlib.mux
Compiling module xil_defaultlib.ALU
Compiling module xil_defaultlib.EX
Compiling module xil_defaultlib.EXMEM
Compiling module dist_mem_gen_v8_0_13.dist_mem_gen_v8_0_13(C_FAMILY="a...
Compiling module xil_defaultlib.DataRAM
Compiling module xil_defaultlib.MEMWB
Compiling module xil_defaultlib.Risc5CPU
Compiling module xil_defaultlib.glbl
Compiling module xil_defaultlib.Risc5CPU_tb_v
Built simulation snapshot Risc5CPU_tb_v_behav
INFO: [USF-XSim-69] 'elaborate' step finished in '4' seconds
INFO: [USF-XSim-4] XSim::Simulate design
INFO: [USF-XSim-61] Executing 'SIMULATE' step in 'D:/vivado_work/3230103327_lab30/vivado2017.4/Risc5CPU.sim/sim_1/behav/xsim'
INFO: [USF-XSim-98] *** Running xsim
   with args "Risc5CPU_tb_v_behav -key {Behavioral:sim_1:Functional:Risc5CPU_tb_v} -tclbatch {Risc5CPU_tb_v.tcl} -log {simulate.log}"
INFO: [USF-XSim-8] Loading simulator feature
Time resolution is 1 ps
source Risc5CPU_tb_v.tcl
# set curr_wave [current_wave_config]
# if { [string length $curr_wave] == 0 } {
#   if { [llength [get_objects]] > 0} {
#     add_wave /
#     set_property needs_save false [current_wave_config]
#   } else {
#      send_msg_id Add_Wave-1 WARNING "No top level signals found. Simulator will start without a wave window. If you want to open a wave window go to 'File->New Waveform Configuration' or type 'create_wave_config' in the TCL console."
#   }
# }
# run 1000ns
WARNING: This core is supplied with a behavioral model. To model cycle-accurate behavior you must run timing simulation.
WARNING in Risc5CPU_tb_v.uut.DataRAM_1.inst at time               250000 ns: 
Reading from out-of-range address. Max address in Risc5CPU_tb_v.uut.DataRAM_1.inst is          63
WARNING in Risc5CPU_tb_v.uut.DataRAM_1.inst at time               550000 ns: 
Reading from out-of-range address. Max address in Risc5CPU_tb_v.uut.DataRAM_1.inst is          63
INFO: [USF-XSim-96] XSim completed. Design snapshot 'Risc5CPU_tb_v_behav' loaded.
INFO: [USF-XSim-97] XSim simulation ran for 1000ns
launch_simulation: Time (s): cpu = 00:00:04 ; elapsed = 00:00:08 . Memory (MB): peak = 1171.203 ; gain = 39.004
set_property -name {xsim.simulate.runtime} -value {3000ns} -objects [get_filesets sim_1]
set_property dataflow_viewer_settings "min_width=16"   [current_fileset]
WARNING: [filemgmt 56-199] Attempt to get parsing info during refresh. "On-the-fly" syntax checking information may be incorrect. [D:\vivado_work\3230103327_lab30\src\ALU.v:]
WARNING: [filemgmt 56-199] Attempt to get parsing info during refresh. "On-the-fly" syntax checking information may be incorrect. [D:\vivado_work\3230103327_lab30\vivado2017.4\Risc5CPU.srcs\sources_1\imports\PipelineCPU.srcs\PipelineCPUTest.v:]
ERROR: [Common 17-180] Spawn failed: No error
close_sim
INFO: [Simtcl 6-16] Simulation closed
launch_simulation
Command: launch_simulation 
INFO: [Vivado 12-12493] Simulation top is 'Risc5CPU_tb_v'
WARNING: [Vivado 12-13340] Unable to auto find GCC executables from simulator install path! (path not set)
WARNING: [Vivado 12-13277] Compiled library path does not exist: ''
INFO: [Vivado 12-5698] Checking validity of IPs in the design for the 'XSim' simulator...
INFO: [Vivado 12-5682] Launching behavioral simulation in 'D:/vivado_work/3230103327_lab30/vivado2017.4/Risc5CPU.sim/sim_1/behav/xsim'
INFO: [Vivado 12-4795] Using compiled simulation libraries for IPs
INFO: [SIM-utils-51] Simulation object is 'sim_1'
INFO: [SIM-utils-72] Using boost library from 'D:/Vivado/2022.2/tps/boost_1_72_0'
INFO: [USF-XSim-7] Finding pre-compiled libraries...
INFO: [USF-XSim-11] File 'D:/Vivado/2022.2/data/xsim/xsim.ini' copied to run dir:'D:/vivado_work/3230103327_lab30/vivado2017.4/Risc5CPU.sim/sim_1/behav/xsim'
INFO: [SIM-utils-20] The project contains locked or custom IPs. The pre-compiled version of these IPs will not be referenced and the sources from these IP libraries will be compiled locally.
INFO: [SIM-utils-54] Inspecting design source files for 'Risc5CPU_tb_v' in fileset 'sim_1'...
INFO: [SIM-utils-43] Exported 'D:/vivado_work/3230103327_lab30/vivado2017.4/Risc5CPU.sim/sim_1/behav/xsim/DisplayROM.mif'
INFO: [SIM-utils-43] Exported 'D:/vivado_work/3230103327_lab30/vivado2017.4/Risc5CPU.sim/sim_1/behav/xsim/digital.coe'
INFO: [USF-XSim-97] Finding global include files...
INFO: [USF-XSim-98] Fetching design files from 'sim_1'...
INFO: [USF-XSim-2] XSim::Compile design
INFO: [USF-XSim-61] Executing 'COMPILE and ANALYZE' step in 'D:/vivado_work/3230103327_lab30/vivado2017.4/Risc5CPU.sim/sim_1/behav/xsim'
"xvlog --incr --relax -prj Risc5CPU_tb_v_vlog.prj"
INFO: [USF-XSim-69] 'compile' step finished in '1' seconds
INFO: [USF-XSim-3] XSim::Elaborate design
INFO: [USF-XSim-61] Executing 'ELABORATE' step in 'D:/vivado_work/3230103327_lab30/vivado2017.4/Risc5CPU.sim/sim_1/behav/xsim'
"xelab --incr --debug typical --relax --mt 2 -L xil_defaultlib -L dist_mem_gen_v8_0_13 -L unisims_ver -L unimacro_ver -L secureip -L xpm --snapshot Risc5CPU_tb_v_behav xil_defaultlib.Risc5CPU_tb_v xil_defaultlib.glbl -log elaborate.log"
Vivado Simulator v2022.2
Copyright 1986-1999, 2001-2022 Xilinx, Inc. All Rights Reserved.
Running: D:/Vivado/2022.2/bin/unwrapped/win64.o/xelab.exe --incr --debug typical --relax --mt 2 -L xil_defaultlib -L dist_mem_gen_v8_0_13 -L unisims_ver -L unimacro_ver -L secureip -L xpm --snapshot Risc5CPU_tb_v_behav xil_defaultlib.Risc5CPU_tb_v xil_defaultlib.glbl -log elaborate.log 
Using 2 slave threads.
Starting static elaboration
Pass Through NonSizing Optimizer
WARNING: [VRFC 10-3091] actual bit length 32 differs from formal bit length 1 for port 'ci' [D:/vivado_work/3230103327_lab30/src/IF.v:37]
WARNING: [VRFC 10-3091] actual bit length 32 differs from formal bit length 1 for port 'ci' [D:/vivado_work/3230103327_lab30/src/BranchTest.v:42]
WARNING: [VRFC 10-3091] actual bit length 32 differs from formal bit length 1 for port 'ci' [D:/vivado_work/3230103327_lab30/src/ID.v:89]
WARNING: [VRFC 10-3091] actual bit length 32 differs from formal bit length 1 for port 'ci' [D:/vivado_work/3230103327_lab30/src/ALU.v:39]
WARNING: [VRFC 10-3091] actual bit length 32 differs from formal bit length 1 for port 'ci' [D:/vivado_work/3230103327_lab30/src/ALU.v:40]
Completed static elaboration
INFO: [XSIM 43-4323] No Change in HDL. Linking previously generated obj files to create kernel
INFO: [USF-XSim-69] 'elaborate' step finished in '1' seconds
INFO: [USF-XSim-4] XSim::Simulate design
INFO: [USF-XSim-61] Executing 'SIMULATE' step in 'D:/vivado_work/3230103327_lab30/vivado2017.4/Risc5CPU.sim/sim_1/behav/xsim'
INFO: [USF-XSim-98] *** Running xsim
   with args "Risc5CPU_tb_v_behav -key {Behavioral:sim_1:Functional:Risc5CPU_tb_v} -tclbatch {Risc5CPU_tb_v.tcl} -log {simulate.log}"
INFO: [USF-XSim-8] Loading simulator feature
Time resolution is 1 ps
source Risc5CPU_tb_v.tcl
# set curr_wave [current_wave_config]
# if { [string length $curr_wave] == 0 } {
#   if { [llength [get_objects]] > 0} {
#     add_wave /
#     set_property needs_save false [current_wave_config]
#   } else {
#      send_msg_id Add_Wave-1 WARNING "No top level signals found. Simulator will start without a wave window. If you want to open a wave window go to 'File->New Waveform Configuration' or type 'create_wave_config' in the TCL console."
#   }
# }
# run 3000ns
WARNING: This core is supplied with a behavioral model. To model cycle-accurate behavior you must run timing simulation.
WARNING in Risc5CPU_tb_v.uut.DataRAM_1.inst at time               250000 ns: 
Reading from out-of-range address. Max address in Risc5CPU_tb_v.uut.DataRAM_1.inst is          63
WARNING in Risc5CPU_tb_v.uut.DataRAM_1.inst at time               550000 ns: 
Reading from out-of-range address. Max address in Risc5CPU_tb_v.uut.DataRAM_1.inst is          63
WARNING in Risc5CPU_tb_v.uut.DataRAM_1.inst at time              1150000 ns: 
Reading from out-of-range address. Max address in Risc5CPU_tb_v.uut.DataRAM_1.inst is          63
WARNING in Risc5CPU_tb_v.uut.DataRAM_1.inst at time              2050000 ns: 
Reading from out-of-range address. Max address in Risc5CPU_tb_v.uut.DataRAM_1.inst is          63
WARNING in Risc5CPU_tb_v.uut.DataRAM_1.inst at time              2250000 ns: 
Reading from out-of-range address. Max address in Risc5CPU_tb_v.uut.DataRAM_1.inst is          63
$stop called at time : 2251 ns : File "D:/vivado_work/3230103327_lab30/src/Risc5CPU_tb.v" Line 39
INFO: [USF-XSim-96] XSim completed. Design snapshot 'Risc5CPU_tb_v_behav' loaded.
INFO: [USF-XSim-97] XSim simulation ran for 3000ns
launch_simulation: Time (s): cpu = 00:00:04 ; elapsed = 00:00:05 . Memory (MB): peak = 1198.746 ; gain = 0.000
close_sim
INFO: [Simtcl 6-16] Simulation closed
launch_simulation
Command: launch_simulation 
INFO: [Vivado 12-12493] Simulation top is 'Risc5CPU_tb_v'
WARNING: [Vivado 12-13340] Unable to auto find GCC executables from simulator install path! (path not set)
WARNING: [Vivado 12-13277] Compiled library path does not exist: ''
INFO: [Vivado 12-5698] Checking validity of IPs in the design for the 'XSim' simulator...
INFO: [Vivado 12-5682] Launching behavioral simulation in 'D:/vivado_work/3230103327_lab30/vivado2017.4/Risc5CPU.sim/sim_1/behav/xsim'
INFO: [Vivado 12-4795] Using compiled simulation libraries for IPs
INFO: [SIM-utils-51] Simulation object is 'sim_1'
INFO: [SIM-utils-72] Using boost library from 'D:/Vivado/2022.2/tps/boost_1_72_0'
INFO: [USF-XSim-7] Finding pre-compiled libraries...
INFO: [USF-XSim-11] File 'D:/Vivado/2022.2/data/xsim/xsim.ini' copied to run dir:'D:/vivado_work/3230103327_lab30/vivado2017.4/Risc5CPU.sim/sim_1/behav/xsim'
INFO: [SIM-utils-20] The project contains locked or custom IPs. The pre-compiled version of these IPs will not be referenced and the sources from these IP libraries will be compiled locally.
INFO: [SIM-utils-54] Inspecting design source files for 'Risc5CPU_tb_v' in fileset 'sim_1'...
INFO: [SIM-utils-43] Exported 'D:/vivado_work/3230103327_lab30/vivado2017.4/Risc5CPU.sim/sim_1/behav/xsim/DisplayROM.mif'
INFO: [SIM-utils-43] Exported 'D:/vivado_work/3230103327_lab30/vivado2017.4/Risc5CPU.sim/sim_1/behav/xsim/digital.coe'
INFO: [USF-XSim-97] Finding global include files...
INFO: [USF-XSim-98] Fetching design files from 'sim_1'...
INFO: [USF-XSim-2] XSim::Compile design
INFO: [USF-XSim-61] Executing 'COMPILE and ANALYZE' step in 'D:/vivado_work/3230103327_lab30/vivado2017.4/Risc5CPU.sim/sim_1/behav/xsim'
"xvlog --incr --relax -prj Risc5CPU_tb_v_vlog.prj"
INFO: [VRFC 10-2263] Analyzing Verilog file "D:/vivado_work/3230103327_lab30/vivado2017.4/Risc5CPU.gen/sources_1/ip/DataRAM/sim/DataRAM.v" into library xil_defaultlib
INFO: [VRFC 10-311] analyzing module DataRAM
INFO: [VRFC 10-2263] Analyzing Verilog file "D:/vivado_work/3230103327_lab30/src/ALU.v" into library xil_defaultlib
INFO: [VRFC 10-311] analyzing module ALU
INFO: [VRFC 10-2263] Analyzing Verilog file "D:/vivado_work/3230103327_lab30/src/Add_32bit.v" into library xil_defaultlib
INFO: [VRFC 10-311] analyzing module Add_middle
INFO: [VRFC 10-311] analyzing module Add_32bit
INFO: [VRFC 10-2263] Analyzing Verilog file "D:/vivado_work/3230103327_lab30/src/Add_4bit.v" into library xil_defaultlib
INFO: [VRFC 10-311] analyzing module Add_4bit
INFO: [VRFC 10-2263] Analyzing Verilog file "D:/vivado_work/3230103327_lab30/src/BranchTest.v" into library xil_defaultlib
INFO: [VRFC 10-311] analyzing module BranchTest
INFO: [VRFC 10-2263] Analyzing Verilog file "D:/vivado_work/3230103327_lab30/src/Decode.v" into library xil_defaultlib
INFO: [VRFC 10-311] analyzing module Decode
INFO: [VRFC 10-2263] Analyzing Verilog file "D:/vivado_work/3230103327_lab30/src/EX.v" into library xil_defaultlib
INFO: [VRFC 10-311] analyzing module EX
INFO: [VRFC 10-2263] Analyzing Verilog file "D:/vivado_work/3230103327_lab30/src/EXMEM.v" into library xil_defaultlib
INFO: [VRFC 10-311] analyzing module EXMEM
INFO: [VRFC 10-2263] Analyzing Verilog file "D:/vivado_work/3230103327_lab30/src/ID.v" into library xil_defaultlib
INFO: [VRFC 10-311] analyzing module ID
INFO: [VRFC 10-2263] Analyzing Verilog file "D:/vivado_work/3230103327_lab30/src/IDEX.v" into library xil_defaultlib
INFO: [VRFC 10-311] analyzing module IDEX
INFO: [VRFC 10-2263] Analyzing Verilog file "D:/vivado_work/3230103327_lab30/src/IF.v" into library xil_defaultlib
INFO: [VRFC 10-311] analyzing module IF
INFO: [VRFC 10-2263] Analyzing Verilog file "D:/vivado_work/3230103327_lab30/src/IFID.v" into library xil_defaultlib
INFO: [VRFC 10-311] analyzing module IFID
INFO: [VRFC 10-2263] Analyzing Verilog file "D:/vivado_work/3230103327_lab30/src/InstructionROM.v" into library xil_defaultlib
INFO: [VRFC 10-311] analyzing module InstructionROM
INFO: [VRFC 10-2263] Analyzing Verilog file "D:/vivado_work/3230103327_lab30/src/MEMWB.v" into library xil_defaultlib
INFO: [VRFC 10-311] analyzing module MEMWB
INFO: [VRFC 10-2263] Analyzing Verilog file "D:/vivado_work/3230103327_lab30/src/RBWRegisters.v" into library xil_defaultlib
INFO: [VRFC 10-311] analyzing module RBWRegisters
INFO: [VRFC 10-2263] Analyzing Verilog file "D:/vivado_work/3230103327_lab30/src/Risc5CPU.v" into library xil_defaultlib
INFO: [VRFC 10-311] analyzing module Risc5CPU
INFO: [VRFC 10-2263] Analyzing Verilog file "D:/vivado_work/3230103327_lab30/src/mux.v" into library xil_defaultlib
INFO: [VRFC 10-311] analyzing module mux
INFO: [VRFC 10-2263] Analyzing Verilog file "D:/vivado_work/3230103327_lab30/src/registers.v" into library xil_defaultlib
INFO: [VRFC 10-311] analyzing module registers
INFO: [VRFC 10-2263] Analyzing Verilog file "D:/vivado_work/3230103327_lab30/src/Risc5CPU_tb.v" into library xil_defaultlib
INFO: [VRFC 10-311] analyzing module Risc5CPU_tb_v
INFO: [USF-XSim-69] 'compile' step finished in '1' seconds
INFO: [USF-XSim-3] XSim::Elaborate design
INFO: [USF-XSim-61] Executing 'ELABORATE' step in 'D:/vivado_work/3230103327_lab30/vivado2017.4/Risc5CPU.sim/sim_1/behav/xsim'
"xelab --incr --debug typical --relax --mt 2 -L xil_defaultlib -L dist_mem_gen_v8_0_13 -L unisims_ver -L unimacro_ver -L secureip -L xpm --snapshot Risc5CPU_tb_v_behav xil_defaultlib.Risc5CPU_tb_v xil_defaultlib.glbl -log elaborate.log"
Vivado Simulator v2022.2
Copyright 1986-1999, 2001-2022 Xilinx, Inc. All Rights Reserved.
Running: D:/Vivado/2022.2/bin/unwrapped/win64.o/xelab.exe --incr --debug typical --relax --mt 2 -L xil_defaultlib -L dist_mem_gen_v8_0_13 -L unisims_ver -L unimacro_ver -L secureip -L xpm --snapshot Risc5CPU_tb_v_behav xil_defaultlib.Risc5CPU_tb_v xil_defaultlib.glbl -log elaborate.log 
Using 2 slave threads.
Starting static elaboration
Pass Through NonSizing Optimizer
WARNING: [VRFC 10-3091] actual bit length 32 differs from formal bit length 1 for port 'ci' [D:/vivado_work/3230103327_lab30/src/IF.v:37]
WARNING: [VRFC 10-3091] actual bit length 32 differs from formal bit length 1 for port 'ci' [D:/vivado_work/3230103327_lab30/src/BranchTest.v:42]
WARNING: [VRFC 10-3091] actual bit length 32 differs from formal bit length 1 for port 'ci' [D:/vivado_work/3230103327_lab30/src/ID.v:89]
WARNING: [VRFC 10-3091] actual bit length 32 differs from formal bit length 1 for port 'ci' [D:/vivado_work/3230103327_lab30/src/ALU.v:40]
WARNING: [VRFC 10-3091] actual bit length 32 differs from formal bit length 1 for port 'ci' [D:/vivado_work/3230103327_lab30/src/ALU.v:41]
Completed static elaboration
Starting simulation data flow analysis
Completed simulation data flow analysis
Time Resolution for simulation is 1ps
Compiling module xil_defaultlib.Add_4bit
Compiling module xil_defaultlib.Add_middle
Compiling module xil_defaultlib.Add_32bit
Compiling module xil_defaultlib.InstructionROM
Compiling module xil_defaultlib.IF
Compiling module xil_defaultlib.IFID
Compiling module xil_defaultlib.Decode
Compiling module xil_defaultlib.RBWRegisters
Compiling module xil_defaultlib.registers
Compiling module xil_defaultlib.BranchTest
Compiling module xil_defaultlib.ID
Compiling module xil_defaultlib.IDEX
Compiling module xil_defaultlib.mux
Compiling module xil_defaultlib.ALU
Compiling module xil_defaultlib.EX
Compiling module xil_defaultlib.EXMEM
Compiling module dist_mem_gen_v8_0_13.dist_mem_gen_v8_0_13(C_FAMILY="a...
Compiling module xil_defaultlib.DataRAM
Compiling module xil_defaultlib.MEMWB
Compiling module xil_defaultlib.Risc5CPU
Compiling module xil_defaultlib.glbl
Compiling module xil_defaultlib.Risc5CPU_tb_v
Built simulation snapshot Risc5CPU_tb_v_behav
INFO: [USF-XSim-69] 'elaborate' step finished in '2' seconds
INFO: [USF-XSim-4] XSim::Simulate design
INFO: [USF-XSim-61] Executing 'SIMULATE' step in 'D:/vivado_work/3230103327_lab30/vivado2017.4/Risc5CPU.sim/sim_1/behav/xsim'
INFO: [USF-XSim-98] *** Running xsim
   with args "Risc5CPU_tb_v_behav -key {Behavioral:sim_1:Functional:Risc5CPU_tb_v} -tclbatch {Risc5CPU_tb_v.tcl} -log {simulate.log}"
INFO: [USF-XSim-8] Loading simulator feature
Time resolution is 1 ps
source Risc5CPU_tb_v.tcl
# set curr_wave [current_wave_config]
# if { [string length $curr_wave] == 0 } {
#   if { [llength [get_objects]] > 0} {
#     add_wave /
#     set_property needs_save false [current_wave_config]
#   } else {
#      send_msg_id Add_Wave-1 WARNING "No top level signals found. Simulator will start without a wave window. If you want to open a wave window go to 'File->New Waveform Configuration' or type 'create_wave_config' in the TCL console."
#   }
# }
# run 3000ns
WARNING: This core is supplied with a behavioral model. To model cycle-accurate behavior you must run timing simulation.
WARNING in Risc5CPU_tb_v.uut.DataRAM_1.inst at time               250000 ns: 
Reading from out-of-range address. Max address in Risc5CPU_tb_v.uut.DataRAM_1.inst is          63
WARNING in Risc5CPU_tb_v.uut.DataRAM_1.inst at time               550000 ns: 
Reading from out-of-range address. Max address in Risc5CPU_tb_v.uut.DataRAM_1.inst is          63
WARNING in Risc5CPU_tb_v.uut.DataRAM_1.inst at time              1150000 ns: 
Reading from out-of-range address. Max address in Risc5CPU_tb_v.uut.DataRAM_1.inst is          63
WARNING in Risc5CPU_tb_v.uut.DataRAM_1.inst at time              2050000 ns: 
Reading from out-of-range address. Max address in Risc5CPU_tb_v.uut.DataRAM_1.inst is          63
WARNING in Risc5CPU_tb_v.uut.DataRAM_1.inst at time              2250000 ns: 
Reading from out-of-range address. Max address in Risc5CPU_tb_v.uut.DataRAM_1.inst is          63
$stop called at time : 2251 ns : File "D:/vivado_work/3230103327_lab30/src/Risc5CPU_tb.v" Line 39
INFO: [USF-XSim-96] XSim completed. Design snapshot 'Risc5CPU_tb_v_behav' loaded.
INFO: [USF-XSim-97] XSim simulation ran for 3000ns
launch_simulation: Time (s): cpu = 00:00:04 ; elapsed = 00:00:06 . Memory (MB): peak = 1267.000 ; gain = 0.000
close_sim
INFO: [Simtcl 6-16] Simulation closed
exit
INFO: [Common 17-206] Exiting Vivado at Tue Dec 30 19:49:47 2025...
