Copyright 1986-2022 Xilinx, Inc. All Rights Reserved.
----------------------------------------------------------------------------------------
| Tool Version : Vivado v.2022.2 (win64) Build 3671981 Fri Oct 14 05:00:03 MDT 2022
| Date         : Tue Dec 30 18:41:48 2025
| Host         : Lenovo-sis running 64-bit major release  (build 9200)
| Command      : upgrade_project -migrate_output_products
| Project_Path : D:/vivado_work/3230103327_lab30/vivado2017.4/Risc5CPU.xpr
----------------------------------------------------------------------------------------

Project Status Summary

1. Project IP Status
--------------------
This project contains 2 IP and 0 Block Designs.


1.1 Project IP Instances
+------------+-------------------------+-------------------------------------+-------------------------------------+
| Instance   | Status                  | Reason                              | Recommendation                      |
| Name       |                         |                                     |                                     |
+------------+-------------------------+-------------------------------------+-------------------------------------+
| DCM_PLL    | Will be Migrated.       |                                     |                                     |
+------------+-------------------------+-------------------------------------+-------------------------------------+
| DisplayROM | Will be Migrated.       |                                     |                                     |
+------------+-------------------------+-------------------------------------+-------------------------------------+



